Information: Propagating switching activity (low effort zero delay simulation). (PWR-6)
Warning: Design has unannotated primary inputs. (PWR-414)
Warning: Design has unannotated black box outputs. (PWR-428)
 
****************************************
Report : power
        -hier
        -analysis_effort low
Design : compute_unit
Version: G-2012.06
Date   : Thu May 16 11:42:35 2013
****************************************


Library(s) Used:

    No libraries used.


Operating Conditions: tt1p05v25c   Library: saed32rvt_tt1p05v25c
Wire Load Model Mode: enclosed

Design        Wire Load Model            Library
------------------------------------------------
compute_unit           ForQA             saed32rvt_tt1p05v25c


Global Operating Voltage = 1.05 
Power-specific unit information :
    Voltage Units = 1V
    Capacitance Units = 1.000000ff
    Time Units = 1ns
    Dynamic Power Units = 1uW    (derived from V,C,T units)
    Leakage Power Units = 1pW


--------------------------------------------------------------------------------
                                       Switch   Int      Leak     Total
Hierarchy                              Power    Power    Power    Power    %
--------------------------------------------------------------------------------
compute_unit                            226.924    0.000    0.000  226.924 100.0
  wavepool0 (wavepool)                    0.301    0.000    0.000    0.301   0.1
  vgpr0 (vgpr)                          108.278    0.000    0.000  108.278  47.7
  simf3 (simf)                            7.961    0.000    0.000    7.961   3.5
  simf2 (simf)                            7.961    0.000    0.000    7.961   3.5
  simf1 (simf)                            7.961    0.000    0.000    7.961   3.5
  simf0 (simf)                            7.961    0.000    0.000    7.961   3.5
  simd3 (simd)                            7.961    0.000    0.000    7.961   3.5
  simd2 (simd)                            7.961    0.000    0.000    7.961   3.5
  simd1 (simd)                            7.961    0.000    0.000    7.961   3.5
  simd0 (simd)                            7.961    0.000    0.000    7.961   3.5
  sgpr0 (sgpr)                            0.994    0.000    0.000    0.994   0.4
  salu0 (salu)                            1.117    0.000    0.000    1.117   0.5
  rfa0 (rfa)                              0.133    0.000    0.000    0.133   0.1
  lsu0 (lsu)                             44.525    0.000    0.000   44.525  19.6
  issue0 (issue)                          4.163    0.000    0.000    4.163   1.8
  fetch0 (fetch)                          0.366    0.000    0.000    0.366   0.2
  exec0 (exec)                            2.844    0.000    0.000    2.844   1.3
  decode0 (decode)                        0.535    0.000    0.000    0.535   0.2
1
