 
****************************************
Report : area
Design : decode
Version: G-2012.06
Date   : Thu May 16 12:48:18 2013
****************************************

Library(s) Used:

    saed32rvt_tt1p05v25c (File: /p/vertical/afs-huge0/synopsys/32nmlib/SAED32_EDK/lib/stdcell_rvt/db_nldm/saed32rvt_tt1p05v25c.db)

Number of ports:                          410
Number of nets:                         10414
Number of cells:                        10025
Number of combinational cells:           7308
Number of sequential cells:              2706
Number of macros:                           0
Number of buf/inv:                       1864
Number of references:                      65

Combinational area:       18376.390475
Noncombinational area:    19263.607245
Net Interconnect area:    14897.691348 

Total cell area:          37639.997720
Total area:               52537.689068

Hierarchical area distribution
------------------------------

                                  Global cell area            Local cell area
                                  -------------------  ------------------------------ 
Hierarchical cell                 Absolute    Percent  Combi-      Noncombi-   Black
                                  Total       Total    national    national    boxes   Design
--------------------------------  ----------  -------  ----------  ----------  ------  ------------------
decode                            37639.9977    100.0  17848.7875  19263.6072  0.0000  decode
dest1_encoder/add_37                 46.0001      0.1     46.0001      0.0000  0.0000  decode_DW01_add_2
dest1_encoder/add_38                 50.3205      0.1     50.3205      0.0000  0.0000  decode_DW01_add_1
dest2_encoder/add_37                 45.4918      0.1     45.4918      0.0000  0.0000  decode_DW01_add_0
s1_encoder/add_37                    46.0001      0.1     46.0001      0.0000  0.0000  decode_DW01_add_10
s1_encoder/add_38                    50.3205      0.1     50.3205      0.0000  0.0000  decode_DW01_add_9
s2_encoder/add_37                    46.0001      0.1     46.0001      0.0000  0.0000  decode_DW01_add_8
s2_encoder/add_38                    50.3205      0.1     50.3205      0.0000  0.0000  decode_DW01_add_7
s3_encoder/add_37                    46.0001      0.1     46.0001      0.0000  0.0000  decode_DW01_add_6
s3_encoder/add_38                    50.8288      0.1     50.8288      0.0000  0.0000  decode_DW01_add_5
s4_encoder/add_37                    46.0001      0.1     46.0001      0.0000  0.0000  decode_DW01_add_4
s4_encoder/add_38                    50.3205      0.1     50.3205      0.0000  0.0000  decode_DW01_add_3
--------------------------------  ----------  -------  ----------  ----------  ------  ------------------
Total                                                  18376.3905  19263.6072  0.0000

1
