Loading db file '/p/vertical/afs-huge0/synopsys/32nmlib/SAED32_EDK/lib/stdcell_rvt/db_nldm/saed32rvt_tt1p05v25c.db'
Information: Propagating switching activity (low effort zero delay simulation). (PWR-6)
Warning: Design has unannotated primary inputs. (PWR-414)
Warning: Design has unannotated sequential cell outputs. (PWR-415)
 
****************************************
Report : power
        -hier
        -analysis_effort low
Design : decode
Version: G-2012.06
Date   : Thu May 16 12:48:20 2013
****************************************


Library(s) Used:

    saed32rvt_tt1p05v25c (File: /p/vertical/afs-huge0/synopsys/32nmlib/SAED32_EDK/lib/stdcell_rvt/db_nldm/saed32rvt_tt1p05v25c.db)


Operating Conditions: tt1p05v25c   Library: saed32rvt_tt1p05v25c
Wire Load Model Mode: enclosed

Design        Wire Load Model            Library
------------------------------------------------
decode                 70000             saed32rvt_tt1p05v25c
decode_DW01_add_0      ForQA             saed32rvt_tt1p05v25c
decode_DW01_add_1      ForQA             saed32rvt_tt1p05v25c
decode_DW01_add_2      ForQA             saed32rvt_tt1p05v25c
decode_DW01_add_3      ForQA             saed32rvt_tt1p05v25c
decode_DW01_add_4      ForQA             saed32rvt_tt1p05v25c
decode_DW01_add_5      ForQA             saed32rvt_tt1p05v25c
decode_DW01_add_6      ForQA             saed32rvt_tt1p05v25c
decode_DW01_add_7      ForQA             saed32rvt_tt1p05v25c
decode_DW01_add_8      ForQA             saed32rvt_tt1p05v25c
decode_DW01_add_9      ForQA             saed32rvt_tt1p05v25c
decode_DW01_add_10     ForQA             saed32rvt_tt1p05v25c


Global Operating Voltage = 1.05 
Power-specific unit information :
    Voltage Units = 1V
    Capacitance Units = 1.000000ff
    Time Units = 1ns
    Dynamic Power Units = 1uW    (derived from V,C,T units)
    Leakage Power Units = 1pW


--------------------------------------------------------------------------------
                                       Switch   Int      Leak     Total
Hierarchy                              Power    Power    Power    Power    %
--------------------------------------------------------------------------------
decode                                   43.136 2.30e+03 4.19e+09 6.54e+03 100.0
  s1_encoder/add_37 (decode_DW01_add_10)
                                          0.137    0.825 3.51e+06    4.469   0.1
  s1_encoder/add_38 (decode_DW01_add_9)
                                          0.157    0.927 3.79e+06    4.874   0.1
  s2_encoder/add_37 (decode_DW01_add_8)
                                          0.135    0.822 3.48e+06    4.441   0.1
  s2_encoder/add_38 (decode_DW01_add_7)
                                          0.153    0.917 3.76e+06    4.831   0.1
  s3_encoder/add_37 (decode_DW01_add_6)
                                       3.91e-02    0.321 3.02e+06    3.377   0.1
  s3_encoder/add_38 (decode_DW01_add_5)
                                       4.46e-02    0.363 3.43e+06    3.839   0.1
  s4_encoder/add_37 (decode_DW01_add_4)
                                       3.73e-02    0.309 3.01e+06    3.359   0.1
  s4_encoder/add_38 (decode_DW01_add_3)
                                       4.08e-02    0.331 3.23e+06    3.604   0.1
  dest1_encoder/add_37 (decode_DW01_add_2)
                                          0.143    0.866 3.53e+06    4.544   0.1
  dest1_encoder/add_38 (decode_DW01_add_1)
                                          0.160    0.950 3.79e+06    4.904   0.1
  dest2_encoder/add_37 (decode_DW01_add_0)
                                          0.131    0.773 3.47e+06    4.376   0.1
1
