Loading db file '/p/vertical/afs-huge0/synopsys/32nmlib/SAED32_EDK/lib/stdcell_rvt/db_nldm/saed32rvt_tt1p05v25c.db'
Information: Propagating switching activity (low effort zero delay simulation). (PWR-6)
Warning: Design has unannotated primary inputs. (PWR-414)
Warning: Design has unannotated sequential cell outputs. (PWR-415)
 
****************************************
Report : power
        -hier
        -analysis_effort low
Design : fetch
Version: G-2012.06
Date   : Thu May 16 12:50:21 2013
****************************************


Library(s) Used:

    saed32rvt_tt1p05v25c (File: /p/vertical/afs-huge0/synopsys/32nmlib/SAED32_EDK/lib/stdcell_rvt/db_nldm/saed32rvt_tt1p05v25c.db)


Operating Conditions: tt1p05v25c   Library: saed32rvt_tt1p05v25c
Wire Load Model Mode: enclosed

Design        Wire Load Model            Library
------------------------------------------------
fetch                  70000             saed32rvt_tt1p05v25c
fetch_DW01_add_0       8000              saed32rvt_tt1p05v25c


Global Operating Voltage = 1.05 
Power-specific unit information :
    Voltage Units = 1V
    Capacitance Units = 1.000000ff
    Time Units = 1ns
    Dynamic Power Units = 1uW    (derived from V,C,T units)
    Leakage Power Units = 1pW


--------------------------------------------------------------------------------
                                       Switch   Int      Leak     Total
Hierarchy                              Power    Power    Power    Power    %
--------------------------------------------------------------------------------
fetch                                    57.401 2.51e+03 4.64e+09 7.21e+03 100.0
  pcb1/a1/add_9 (fetch_DW01_add_0)        0.670    1.326 1.94e+07   21.352   0.3
1
