 
****************************************
Report : area
Design : fetch
Version: G-2012.06
Date   : Thu May 16 12:50:19 2013
****************************************

Library(s) Used:

    saed32rvt_tt1p05v25c (File: /p/vertical/afs-huge0/synopsys/32nmlib/SAED32_EDK/lib/stdcell_rvt/db_nldm/saed32rvt_tt1p05v25c.db)

Number of ports:                          429
Number of nets:                         12350
Number of cells:                        11374
Number of combinational cells:           8447
Number of sequential cells:              2926
Number of macros:                           0
Number of buf/inv:                       1822
Number of references:                      53

Combinational area:       22298.086647
Noncombinational area:    20818.968554
Net Interconnect area:    18032.902911 

Total cell area:          43117.055201
Total area:               61149.958112

Hierarchical area distribution
------------------------------

                                  Global cell area            Local cell area
                                  -------------------  ------------------------------ 
Hierarchical cell                 Absolute    Percent  Combi-      Noncombi-   Black
                                  Total       Total    national    national    boxes   Design
--------------------------------  ----------  -------  ----------  ----------  ------  ----------------
fetch                             43117.0552    100.0  21965.6663  20818.9686  0.0000  fetch
pcb1/a1/add_9                       332.4204      0.8    332.4204      0.0000  0.0000  fetch_DW01_add_0
--------------------------------  ----------  -------  ----------  ----------  ------  ----------------
Total                                                  22298.0866  20818.9686  0.0000

1
