Warning: Ignoring -power_effort option since there is no power constraint. (PWR-59)
Warning: Setting attribute 'fix_multiple_port_nets' on design 'reg_1024x32b_3r_2w'. (UIO-59)
Information: Evaluating DesignWare library utilization. (UISN-27)

============================================================================
| DesignWare Building Block Library  |         Version         | Available |
============================================================================
| Basic DW Building Blocks           | G-2012.06-DWBB_201206.0 |     *     |
| Licensed DW Building Blocks        |                         |     *     |
============================================================================


Information: There are 1 potential problems in your design. Please run 'check_design' for more information. (LINT-99)



  Beginning Pass 1 Mapping
  ------------------------
  Processing 'reg_1024x32b_3r_2w'

  Updating timing information
Information: Updating design information... (UID-85)

  Beginning Implementation Selection
  ----------------------------------
  Processing 'reg_1024x32b_3r_2w_DW01_add_0'
  Processing 'reg_1024x32b_3r_2w_DW01_add_1'
  Processing 'reg_1024x32b_3r_2w_DW01_inc_0'
  Processing 'reg_1024x32b_3r_2w_DW01_add_2'
  Processing 'reg_1024x32b_3r_2w_DW01_add_3'
  Processing 'reg_1024x32b_3r_2w_DW01_inc_1'

  Beginning Mapping Optimizations  (High effort)
  -------------------------------

   ELAPSED            WORST NEG TOTAL NEG  DESIGN                             MIN DELAY
    TIME      AREA      SLACK     SLACK   RULE COST         ENDPOINT            COST   
  --------- --------- --------- --------- --------- ------------------------- ---------
    0:00:02    4063.5      0.00       0.0       0.0                                0.00
    0:00:02    4063.5      0.00       0.0       0.0                                0.00
    0:00:02    4063.5      0.00       0.0       0.0                                0.00
    0:00:02    4063.5      0.00       0.0       0.0                                0.00
    0:00:02    4063.5      0.00       0.0       0.0                                0.00
    0:00:02    4063.5      0.00       0.0       0.0                                0.00
    0:00:02    3720.9      0.00       0.0       0.0                                0.00
    0:00:02    3720.9      0.00       0.0       0.0                                0.00
    0:00:02    3720.9      0.00       0.0       0.0                                0.00
    0:00:02    3720.9      0.00       0.0       0.0                                0.00
    0:00:02    3720.9      0.00       0.0       0.0                                0.00
    0:00:02    3720.9      0.00       0.0       0.0                                0.00
    0:00:02    3720.9      0.00       0.0       0.0                                0.00
    0:00:02    3720.9      0.00       0.0       0.0                                0.00
    0:00:02    3720.9      0.00       0.0       0.0                                0.00



  Beginning Delay Optimization Phase
  ----------------------------------

   ELAPSED            WORST NEG TOTAL NEG  DESIGN                             MIN DELAY
    TIME      AREA      SLACK     SLACK   RULE COST         ENDPOINT            COST   
  --------- --------- --------- --------- --------- ------------------------- ---------
    0:00:02    3720.9      0.00       0.0       0.0                                0.00
    0:00:02    3720.9      0.00       0.0       0.0                                0.00
    0:00:02    3720.9      0.00       0.0       0.0                                0.00


  Beginning Area-Recovery Phase  (cleanup)
  -----------------------------

   ELAPSED            WORST NEG TOTAL NEG  DESIGN                             MIN DELAY
    TIME      AREA      SLACK     SLACK   RULE COST         ENDPOINT            COST   
  --------- --------- --------- --------- --------- ------------------------- ---------
    0:00:02    3720.9      0.00       0.0       0.0                                0.00
    0:00:02    3720.9      0.00       0.0       0.0                                0.00
    0:00:02    3720.9      0.00       0.0       0.0                                0.00
    0:00:02    3717.3      0.00       0.0       0.0                                0.00
    0:00:02    3711.9      0.00       0.0       0.0                                0.00
    0:00:02    3711.9      0.00       0.0       0.0                                0.00
    0:00:02    3711.9      0.00       0.0       0.0                                0.00
    0:00:02    3711.9      0.00       0.0       0.0                                0.00
    0:00:02    3711.9      0.00       0.0       0.0                                0.00
    0:00:02    3711.9      0.00       0.0       0.0                                0.00
    0:00:02    3711.9      0.00       0.0       0.0                                0.00
    0:00:02    3711.9      0.00       0.0       0.0                                0.00
    0:00:02    3711.9      0.00       0.0       0.0                                0.00
    0:00:02    3711.9      0.00       0.0       0.0                                0.00
    0:00:02    3711.9      0.00       0.0       0.0                                0.00
    0:00:02    3711.9      0.00       0.0       0.0                                0.00
    0:00:02    3711.9      0.00       0.0       0.0                                0.00
Loading db file '/p/vertical/afs-huge0/synopsys/32nmlib/SAED32_EDK/lib/stdcell_rvt/db_nldm/saed32rvt_tt1p05v25c.db'

  Optimization Complete
  ---------------------
1
