Loading db file '/p/vertical/afs-huge0/synopsys/32nmlib/SAED32_EDK/lib/stdcell_rvt/db_nldm/saed32rvt_tt1p05v25c.db'
Information: Propagating switching activity (low effort zero delay simulation). (PWR-6)
Warning: Design has unannotated primary inputs. (PWR-414)
Warning: Design has unannotated black box outputs. (PWR-428)
 
****************************************
Report : power
        -hier
        -analysis_effort low
Design : reg_1024x32b_3r_2w
Version: G-2012.06
Date   : Thu May 16 12:48:28 2013
****************************************


Library(s) Used:

    saed32rvt_tt1p05v25c (File: /p/vertical/afs-huge0/synopsys/32nmlib/SAED32_EDK/lib/stdcell_rvt/db_nldm/saed32rvt_tt1p05v25c.db)


Operating Conditions: tt1p05v25c   Library: saed32rvt_tt1p05v25c
Wire Load Model Mode: enclosed

Design        Wire Load Model            Library
------------------------------------------------
reg_1024x32b_3r_2w     8000              saed32rvt_tt1p05v25c
reg_1024x32b_3r_2w_DW01_inc_0
                       ForQA             saed32rvt_tt1p05v25c
reg_1024x32b_3r_2w_DW01_inc_1
                       ForQA             saed32rvt_tt1p05v25c


Global Operating Voltage = 1.05 
Power-specific unit information :
    Voltage Units = 1V
    Capacitance Units = 1.000000ff
    Time Units = 1ns
    Dynamic Power Units = 1uW    (derived from V,C,T units)
    Leakage Power Units = 1pW


--------------------------------------------------------------------------------
                                       Switch   Int      Leak     Total
Hierarchy                              Power    Power    Power    Power    %
--------------------------------------------------------------------------------
reg_1024x32b_3r_2w                       10.748   33.790 2.31e+08  275.967 100.0
  add_59 (reg_1024x32b_3r_2w_DW01_inc_1)
                                          0.156    0.444 4.55e+06    5.153   1.9
  add_247 (reg_1024x32b_3r_2w_DW01_inc_0)
                                          0.154    0.439 4.56e+06    5.152   1.9
  bank3 (reg_256x32b_3r_2w)               0.613    0.000    0.000    0.613   0.2
  bank2 (reg_256x32b_3r_2w)               0.598    0.000    0.000    0.598   0.2
  bank1 (reg_256x32b_3r_2w)               0.606    0.000    0.000    0.606   0.2
  bank0 (reg_256x32b_3r_2w)               0.607    0.000    0.000    0.607   0.2
1
