 
****************************************
Report : area
Design : reg_512x32b_3r_3w
Version: G-2012.06
Date   : Thu May 16 12:54:54 2013
****************************************

Library(s) Used:

    saed32rvt_tt1p05v25c (File: /p/vertical/afs-huge0/synopsys/32nmlib/SAED32_EDK/lib/stdcell_rvt/db_nldm/saed32rvt_tt1p05v25c.db)

Number of ports:                          574
Number of nets:                          1790
Number of cells:                         1076
Number of combinational cells:           1073
Number of sequential cells:                 0
Number of macros:                           0
Number of buf/inv:                        156
Number of references:                      20

Combinational area:       2818.711116
Noncombinational area:       0.000000
Net Interconnect area:    1016.066512  

Total cell area:          2818.711116
Total area:               3834.777628

Hierarchical area distribution
------------------------------

                                  Global cell area          Local cell area
                                  ------------------  ---------------------------- 
Hierarchical cell                 Absolute   Percent  Combi-     Noncombi-  Black
                                  Total      Total    national   national   boxes   Design
--------------------------------  ---------  -------  ---------  ---------  ------  ----------------------------
reg_512x32b_3r_3w                 2818.7111    100.0  2740.1806     0.0000  0.0000  reg_512x32b_3r_3w
add_47                              26.1768      0.9    26.1768     0.0000  0.0000  reg_512x32b_3r_3w_DW01_inc_2
add_62                              26.1768      0.9    26.1768     0.0000  0.0000  reg_512x32b_3r_3w_DW01_inc_1
add_74                              26.1768      0.9    26.1768     0.0000  0.0000  reg_512x32b_3r_3w_DW01_inc_0
--------------------------------  ---------  -------  ---------  ---------  ------  ----------------------------
Total                                                 2818.7111     0.0000  0.0000

1
