Loading db file '/p/vertical/afs-huge0/synopsys/32nmlib/SAED32_EDK/lib/stdcell_rvt/db_nldm/saed32rvt_tt1p05v25c.db'
Information: Propagating switching activity (low effort zero delay simulation). (PWR-6)
Warning: Design has unannotated primary inputs. (PWR-414)
Warning: Design has unannotated black box outputs. (PWR-428)
 
****************************************
Report : power
        -hier
        -analysis_effort low
Design : reg_512x32b_3r_3w
Version: G-2012.06
Date   : Thu May 16 12:54:56 2013
****************************************


Library(s) Used:

    saed32rvt_tt1p05v25c (File: /p/vertical/afs-huge0/synopsys/32nmlib/SAED32_EDK/lib/stdcell_rvt/db_nldm/saed32rvt_tt1p05v25c.db)


Operating Conditions: tt1p05v25c   Library: saed32rvt_tt1p05v25c
Wire Load Model Mode: enclosed

Design        Wire Load Model            Library
------------------------------------------------
reg_512x32b_3r_3w      8000              saed32rvt_tt1p05v25c
reg_512x32b_3r_3w_DW01_inc_0
                       ForQA             saed32rvt_tt1p05v25c
reg_512x32b_3r_3w_DW01_inc_1
                       ForQA             saed32rvt_tt1p05v25c
reg_512x32b_3r_3w_DW01_inc_2
                       ForQA             saed32rvt_tt1p05v25c


Global Operating Voltage = 1.05 
Power-specific unit information :
    Voltage Units = 1V
    Capacitance Units = 1.000000ff
    Time Units = 1ns
    Dynamic Power Units = 1uW    (derived from V,C,T units)
    Leakage Power Units = 1pW


--------------------------------------------------------------------------------
                                       Switch   Int      Leak     Total
Hierarchy                              Power    Power    Power    Power    %
--------------------------------------------------------------------------------
reg_512x32b_3r_3w                        11.161   33.948 2.46e+08  291.467 100.0
  add_47 (reg_512x32b_3r_3w_DW01_inc_2)
                                          0.137    0.391 3.97e+06    4.500   1.5
  add_62 (reg_512x32b_3r_3w_DW01_inc_1)
                                       8.24e-02    0.333 3.96e+06    4.375   1.5
  add_74 (reg_512x32b_3r_3w_DW01_inc_0)
                                       8.15e-02    0.330 3.97e+06    4.379   1.5
  bank3 (reg_128x32b_3r_3w)               0.810    0.000    0.000    0.810   0.3
  bank2 (reg_128x32b_3r_3w)               0.816    0.000    0.000    0.816   0.3
  bank1 (reg_128x32b_3r_3w)               0.807    0.000    0.000    0.807   0.3
  bank0 (reg_128x32b_3r_3w)               0.800    0.000    0.000    0.800   0.3
1
