 
****************************************
Report : area
Design : reg_1024x32b_3r_2w
Version: G-2012.06
Date   : Thu May 16 12:48:27 2013
****************************************

Library(s) Used:

    saed32rvt_tt1p05v25c (File: /p/vertical/afs-huge0/synopsys/32nmlib/SAED32_EDK/lib/stdcell_rvt/db_nldm/saed32rvt_tt1p05v25c.db)

Number of ports:                          408
Number of nets:                          1614
Number of cells:                         1005
Number of combinational cells:           1003
Number of sequential cells:                 0
Number of macros:                           0
Number of buf/inv:                        144
Number of references:                      13

Combinational area:       2741.705461
Noncombinational area:       0.000000
Net Interconnect area:     970.186701  

Total cell area:          2741.705461
Total area:               3711.892162

Hierarchical area distribution
------------------------------

                                  Global cell area          Local cell area
                                  ------------------  ---------------------------- 
Hierarchical cell                 Absolute   Percent  Combi-     Noncombi-  Black
                                  Total      Total    national   national   boxes   Design
--------------------------------  ---------  -------  ---------  ---------  ------  -----------------------------
reg_1024x32b_3r_2w                2741.7055    100.0  2682.7441     0.0000  0.0000  reg_1024x32b_3r_2w
add_247                             29.4807      1.1    29.4807     0.0000  0.0000  reg_1024x32b_3r_2w_DW01_inc_0
add_59                              29.4807      1.1    29.4807     0.0000  0.0000  reg_1024x32b_3r_2w_DW01_inc_1
--------------------------------  ---------  -------  ---------  ---------  ------  -----------------------------
Total                                                 2741.7055     0.0000  0.0000

1
