Warning: Ignoring -power_effort option since there is no power constraint. (PWR-59)
Warning: Setting attribute 'fix_multiple_port_nets' on design 'reg_256x32b_3r_2w'. (UIO-59)
Information: Evaluating DesignWare library utilization. (UISN-27)

============================================================================
| DesignWare Building Block Library  |         Version         | Available |
============================================================================
| Basic DW Building Blocks           | G-2012.06-DWBB_201206.0 |     *     |
| Licensed DW Building Blocks        |                         |     *     |
============================================================================



  Beginning Pass 1 Mapping
  ------------------------
  Processing 'reg_256x32b_3r_2w'

  Updating timing information
Information: Updating design information... (UID-85)

  Beginning Mapping Optimizations  (High effort)
  -------------------------------

   ELAPSED            WORST NEG TOTAL NEG  DESIGN                             MIN DELAY
    TIME      AREA      SLACK     SLACK   RULE COST         ENDPOINT            COST   
  --------- --------- --------- --------- --------- ------------------------- ---------
    0:01:12  243873.9      0.00       0.0   10184.9                                0.00
    0:01:12  243873.9      0.00       0.0   10184.9                                0.00
    0:01:12  238708.5      0.00       0.0    8108.9                                0.00
    0:01:13  233540.5      0.00       0.0    6029.2                                0.00
    0:01:14  228519.2      0.00       0.0    4178.4                                0.00
    0:01:14  223590.4      0.00       0.0    2449.7                                0.00
    0:01:15  218661.6      0.00       0.0     721.0                                0.00
    0:01:21  230035.1      0.00       0.0       0.3                                0.00
    0:01:22  230035.1      0.00       0.0       0.3                                0.00
    0:01:22  230035.1      0.00       0.0       0.3                                0.00
    0:01:22  230035.1      0.00       0.0       0.3                                0.00
    0:01:22  230035.1      0.00       0.0       0.3                                0.00
    0:01:22  230035.1      0.00       0.0       0.3                                0.00
    0:01:30  219962.9      0.00       0.0       0.3                                0.00
    0:01:30  219962.9      0.00       0.0       0.3                                0.00
    0:01:31  219962.9      0.00       0.0       0.3                                0.00
    0:01:31  219962.9      0.00       0.0       0.3                                0.00
    0:01:31  219962.9      0.00       0.0       0.3                                0.00
    0:01:31  219963.4      0.00       0.0       0.0                                0.00
    0:01:31  219963.4      0.00       0.0       0.0                                0.00
    0:01:31  219963.4      0.00       0.0       0.0                                0.00
    0:01:31  219963.4      0.00       0.0       0.0                                0.00
    0:01:32  206554.6      0.00       0.0       0.0                                0.00



  Beginning Delay Optimization Phase
  ----------------------------------

   ELAPSED            WORST NEG TOTAL NEG  DESIGN                             MIN DELAY
    TIME      AREA      SLACK     SLACK   RULE COST         ENDPOINT            COST   
  --------- --------- --------- --------- --------- ------------------------- ---------
    0:01:32  206554.6      0.00       0.0       0.0                                0.00
    0:01:33  206554.6      0.00       0.0       0.0                                0.00
    0:01:33  206554.6      0.00       0.0       0.0                                0.00


  Beginning Area-Recovery Phase  (cleanup)
  -----------------------------

   ELAPSED            WORST NEG TOTAL NEG  DESIGN                             MIN DELAY
    TIME      AREA      SLACK     SLACK   RULE COST         ENDPOINT            COST   
  --------- --------- --------- --------- --------- ------------------------- ---------
    0:01:35  206554.6      0.00       0.0       0.0                                0.00
    0:01:35  206554.6      0.00       0.0       0.0                                0.00
    0:01:35  206554.6      0.00       0.0       0.0                                0.00
    0:01:42  206516.4      0.00       0.0       0.0                                0.00
    0:01:47  206512.7      0.00       0.0       0.0                                0.00
    0:01:47  206508.8      0.00       0.0       0.0                                0.00
    0:01:48  206506.7      0.00       0.0       0.0                                0.00
    0:01:48  206506.7      0.00       0.0       0.0                                0.00
    0:01:48  206506.7      0.00       0.0       0.0                                0.00
    0:01:48  206506.7      0.00       0.0       0.0                                0.00
    0:01:48  206506.7      0.00       0.0       0.0                                0.00
    0:01:48  206506.7      0.00       0.0       0.0                                0.00
    0:01:48  206506.1      0.00       0.0       0.0                                0.00
    0:01:48  206506.1      0.00       0.0       0.0                                0.00
    0:01:48  206506.1      0.00       0.0       0.0                                0.00
    0:01:48  206506.1      0.00       0.0       0.0                                0.00
    0:01:48  206506.1      0.00       0.0       0.0                                0.00
    0:01:48  206506.1      0.00       0.0       0.0                                0.00
    0:01:48  206506.1      0.00       0.0       0.0                                0.00
    0:01:49  206506.1      0.00       0.0       0.0                                0.00
Loading db file '/p/vertical/afs-huge0/synopsys/32nmlib/SAED32_EDK/lib/stdcell_rvt/db_nldm/saed32rvt_tt1p05v25c.db'

  Optimization Complete
  ---------------------
Warning: Design 'reg_256x32b_3r_2w' contains 1 high-fanout nets. A fanout number of 1000 will be used for delay calculations involving these nets. (TIM-134)
     Net 'clk': 8192 load(s), 1 driver(s)
1
