 
****************************************
Report : area
Design : salu
Version: G-2012.06
Date   : Thu May 16 12:48:46 2013
****************************************

Library(s) Used:

    saed32rvt_tt1p05v25c (File: /p/vertical/afs-huge0/synopsys/32nmlib/SAED32_EDK/lib/stdcell_rvt/db_nldm/saed32rvt_tt1p05v25c.db)

Number of ports:                          803
Number of nets:                          3383
Number of cells:                         2557
Number of combinational cells:           1812
Number of sequential cells:               735
Number of macros:                           0
Number of buf/inv:                        522
Number of references:                      43

Combinational area:       10435.660996
Noncombinational area:    5236.383066
Net Interconnect area:    3808.381532  

Total cell area:          15672.044061
Total area:               19480.425593

Hierarchical area distribution
------------------------------

                                  Global cell area            Local cell area
                                  -------------------  ----------------------------- 
Hierarchical cell                 Absolute    Percent  Combi-      Noncombi-  Black
                                  Total       Total    national    national   boxes   Design
--------------------------------  ----------  -------  ----------  ---------  ------  ----------------
salu                              15672.0441    100.0   4281.8182  5236.3831  0.0000  salu
add_0_root_r234                     150.4532      1.0    150.4532     0.0000  0.0000  salu_DW01_add_4
add_1_root_r234                     187.0500      1.2    187.0500     0.0000  0.0000  salu_DW01_add_5
add_1_root_salu_gpu/add_113_2       139.7792      0.9    139.7792     0.0000  0.0000  salu_DW01_add_0
r235                                156.0444      1.0    156.0444     0.0000  0.0000  salu_DW01_add_2
r236                                197.9782      1.3    197.9782     0.0000  0.0000  salu_DW01_sub_0
r237                                137.7461      0.9    137.7461     0.0000  0.0000  salu_DW01_add_1
r239                                308.2767      2.0    308.2767     0.0000  0.0000  salu_DW01_cmp6_0
r241                                418.8293      2.7    418.8293     0.0000  0.0000  salu_DW_rash_0
r242                               3935.4198     25.1   3935.4198     0.0000  0.0000  salu_DW02_mult_0
salu_gpu/sll_158                    522.2659      3.3    522.2659     0.0000  0.0000  salu_DW01_ash_0
--------------------------------  ----------  -------  ----------  ---------  ------  ----------------
Total                                                  10435.6610  5236.3831  0.0000

1
