 
****************************************
Report : area
Design : sgpr
Version: G-2012.06
Date   : Thu May 16 12:54:45 2013
****************************************

Library(s) Used:

    saed32rvt_tt1p05v25c (File: /p/vertical/afs-huge0/synopsys/32nmlib/SAED32_EDK/lib/stdcell_rvt/db_nldm/saed32rvt_tt1p05v25c.db)

Number of ports:                         1872
Number of nets:                          2901
Number of cells:                         1183
Number of combinational cells:           1183
Number of sequential cells:                 0
Number of macros:                           0
Number of buf/inv:                        374
Number of references:                       7

Combinational area:       2841.329947
Noncombinational area:       0.000000
Net Interconnect area:     814.737841  

Total cell area:          2841.329947
Total area:               3656.067788

Hierarchical area distribution
------------------------------

                                  Global cell area          Local cell area
                                  ------------------  ---------------------------- 
Hierarchical cell                 Absolute   Percent  Combi-     Noncombi-  Black
                                  Total      Total    national   national   boxes   Design
--------------------------------  ---------  -------  ---------  ---------  ------  ---------
sgpr                              2841.3299    100.0  2841.3299     0.0000  0.0000  sgpr
--------------------------------  ---------  -------  ---------  ---------  ------  ---------
Total                                                 2841.3299     0.0000  0.0000

1
