Loading db file '/p/vertical/afs-huge0/synopsys/32nmlib/SAED32_EDK/lib/stdcell_rvt/db_nldm/saed32rvt_tt1p05v25c.db'
Information: Propagating switching activity (low effort zero delay simulation). (PWR-6)
Warning: Design has unannotated primary inputs. (PWR-414)
Warning: Design has unannotated black box outputs. (PWR-428)
 
****************************************
Report : power
        -hier
        -analysis_effort low
Design : sgpr
Version: G-2012.06
Date   : Thu May 16 12:54:47 2013
****************************************


Library(s) Used:

    saed32rvt_tt1p05v25c (File: /p/vertical/afs-huge0/synopsys/32nmlib/SAED32_EDK/lib/stdcell_rvt/db_nldm/saed32rvt_tt1p05v25c.db)


Operating Conditions: tt1p05v25c   Library: saed32rvt_tt1p05v25c
Wire Load Model Mode: enclosed

Design        Wire Load Model            Library
------------------------------------------------
sgpr                   8000              saed32rvt_tt1p05v25c


Global Operating Voltage = 1.05 
Power-specific unit information :
    Voltage Units = 1V
    Capacitance Units = 1.000000ff
    Time Units = 1ns
    Dynamic Power Units = 1uW    (derived from V,C,T units)
    Leakage Power Units = 1pW


--------------------------------------------------------------------------------
                                       Switch   Int      Leak     Total
Hierarchy                              Power    Power    Power    Power    %
--------------------------------------------------------------------------------
sgpr                                      9.243   33.560 3.40e+08  382.313 100.0
  sgpr_reg_file (reg_512x32b_3r_3w)       0.809    0.000    0.000    0.809   0.2
1
