 
****************************************
Report : area
Design : vgpr
Version: G-2012.06
Date   : Thu May 16 12:53:19 2013
****************************************

Library(s) Used:

    saed32rvt_tt1p05v25c (File: /p/vertical/afs-huge0/synopsys/32nmlib/SAED32_EDK/lib/stdcell_rvt/db_nldm/saed32rvt_tt1p05v25c.db)

Number of ports:                        48188
Number of nets:                         60860
Number of cells:                        23026
Number of combinational cells:          23026
Number of sequential cells:                 0
Number of macros:                           0
Number of buf/inv:                      11894
Number of references:                      11

Combinational area:       53144.561275
Noncombinational area:       0.000000
Net Interconnect area:    27236.457784 

Total cell area:          53144.561275
Total area:               80381.019060

Hierarchical area distribution
------------------------------

                                  Global cell area            Local cell area
                                  -------------------  ----------------------------- 
Hierarchical cell                 Absolute    Percent  Combi-      Noncombi-  Black
                                  Total       Total    national    national   boxes   Design
--------------------------------  ----------  -------  ----------  ---------  ------  ---------
vgpr                              53144.5613    100.0  53144.5613     0.0000  0.0000  vgpr
--------------------------------  ----------  -------  ----------  ---------  ------  ---------
Total                                                  53144.5613     0.0000  0.0000

1
