 
****************************************
Report : area
Design : wavepool
Version: G-2012.06
Date   : Thu May 16 12:11:01 2013
****************************************

Library(s) Used:

    saed32rvt_tt1p05v25c (File: /p/vertical/afs-huge0/synopsys/32nmlib/SAED32_EDK/lib/stdcell_rvt/db_nldm/saed32rvt_tt1p05v25c.db)

Number of ports:                          331
Number of nets:                         87666
Number of cells:                        71723
Number of combinational cells:          49331
Number of sequential cells:             22392
Number of macros:                           0
Number of buf/inv:                       9940
Number of references:                      29

Combinational area:       117150.981477
Noncombinational area:    159321.859795
Net Interconnect area:    163973.830396

Total cell area:          276472.841272
Total area:               440446.671668

Hierarchical area distribution
------------------------------

                                  Global cell area              Local cell area
                                  --------------------  -------------------------------- 
Hierarchical cell                 Absolute     Percent  Combi-       Noncombi-    Black
                                  Total        Total    national     national     boxes   Design
--------------------------------  -----------  -------  -----------  -----------  ------  ---------
wavepool                          276472.8413    100.0  117150.9815  159321.8598  0.0000  wavepool
--------------------------------  -----------  -------  -----------  -----------  ------  ---------
Total                                                   117150.9815  159321.8598  0.0000

1
